<?xml version="1.0" encoding="UTF-8"?>
<testng-results skipped="0" failed="0" total="1" passed="1">
  <reporter-output>
  </reporter-output>
  <suite name="JavaApplication4" duration-ms="5833" started-at="2016-01-27T08:17:18Z" finished-at="2016-01-27T08:17:24Z">
    <groups>
    </groups>
    <test name="com.faber.test suite" duration-ms="5833" started-at="2016-01-27T08:17:18Z" finished-at="2016-01-27T08:17:24Z">
      <class name="com.faber.test.TestNG">
        <test-method status="PASS" signature="setUp()[pri:0, instance:com.faber.test.TestNG@1cd072a9]" name="setUp" is-config="true" duration-ms="3937" started-at="2016-01-27T15:17:18Z" finished-at="2016-01-27T15:17:22Z">
          <reporter-output>
          </reporter-output>
        </test-method> <!-- setUp -->
        <test-method status="PASS" signature="testNG()[pri:0, instance:com.faber.test.TestNG@1cd072a9]" name="testNG" duration-ms="1478" started-at="2016-01-27T15:17:22Z" finished-at="2016-01-27T15:17:23Z">
          <reporter-output>
          </reporter-output>
        </test-method> <!-- testNG -->
        <test-method status="PASS" signature="tearDown()[pri:0, instance:com.faber.test.TestNG@1cd072a9]" name="tearDown" is-config="true" duration-ms="407" started-at="2016-01-27T15:17:23Z" finished-at="2016-01-27T15:17:24Z">
          <reporter-output>
          </reporter-output>
        </test-method> <!-- tearDown -->
      </class> <!-- com.faber.test.TestNG -->
    </test> <!-- com.faber.test suite -->
  </suite> <!-- JavaApplication4 -->
</testng-results>
