<?xml version="1.0" encoding="UTF-8"?>
<testng-results skipped="0" failed="0" total="1" passed="1">
  <reporter-output>
  </reporter-output>
  <suite name="com.faber.test.TestNG" duration-ms="6542" started-at="2016-01-27T08:47:46Z" finished-at="2016-01-27T08:47:52Z">
    <groups>
    </groups>
    <test name="Command line test" duration-ms="6542" started-at="2016-01-27T08:47:46Z" finished-at="2016-01-27T08:47:52Z">
      <class name="com.faber.test.TestNG">
        <test-method status="PASS" signature="setUp()[pri:0, instance:com.faber.test.TestNG@3cda1055]" name="setUp" is-config="true" duration-ms="4261" started-at="2016-01-27T15:47:46Z" finished-at="2016-01-27T15:47:50Z">
          <reporter-output>
          </reporter-output>
        </test-method> <!-- setUp -->
        <test-method status="PASS" signature="testNG()[pri:0, instance:com.faber.test.TestNG@3cda1055]" name="testNG" duration-ms="1684" started-at="2016-01-27T15:47:50Z" finished-at="2016-01-27T15:47:51Z">
          <reporter-output>
          </reporter-output>
        </test-method> <!-- testNG -->
        <test-method status="PASS" signature="tearDown()[pri:0, instance:com.faber.test.TestNG@3cda1055]" name="tearDown" is-config="true" duration-ms="589" started-at="2016-01-27T15:47:51Z" finished-at="2016-01-27T15:47:52Z">
          <reporter-output>
          </reporter-output>
        </test-method> <!-- tearDown -->
      </class> <!-- com.faber.test.TestNG -->
    </test> <!-- Command line test -->
  </suite> <!-- com.faber.test.TestNG -->
</testng-results>
